2025-07-11 15:42:38,572 INFO    MainThread:252172 [wandb_setup.py:_flush():68] Configure stats pid to 252172
2025-07-11 15:42:38,572 INFO    MainThread:252172 [wandb_setup.py:_flush():68] Loading settings from /home/sealab/.config/wandb/settings
2025-07-11 15:42:38,572 INFO    MainThread:252172 [wandb_setup.py:_flush():68] Loading settings from /home/sealab/dp-yuan/diffusion_policy/wandb/settings
2025-07-11 15:42:38,572 INFO    MainThread:252172 [wandb_setup.py:_flush():68] Loading settings from environment variables: {'_require_service': 'True'}
2025-07-11 15:42:38,572 INFO    MainThread:252172 [wandb_setup.py:_flush():68] Inferring run settings from compute environment: {'program_relpath': 'wandb_check.py', 'program': '/home/sealab/dp-yuan/diffusion_policy/wandb_check.py'}
2025-07-11 15:42:38,572 INFO    MainThread:252172 [wandb_init.py:_log_setup():476] Logging user logs to /home/sealab/dp-yuan/diffusion_policy/wandb/run-20250711_154238-fi0gugfk/logs/debug.log
2025-07-11 15:42:38,572 INFO    MainThread:252172 [wandb_init.py:_log_setup():477] Logging internal logs to /home/sealab/dp-yuan/diffusion_policy/wandb/run-20250711_154238-fi0gugfk/logs/debug-internal.log
2025-07-11 15:42:38,572 INFO    MainThread:252172 [wandb_init.py:init():516] calling init triggers
2025-07-11 15:42:38,572 INFO    MainThread:252172 [wandb_init.py:init():519] wandb.init called with sweep_config: {}
config: {'epochs': 5, 'lr': 0.001, 'batch_size': 32}
2025-07-11 15:42:38,572 INFO    MainThread:252172 [wandb_init.py:init():569] starting backend
2025-07-11 15:42:38,572 INFO    MainThread:252172 [wandb_init.py:init():573] setting up manager
2025-07-11 15:42:38,573 INFO    MainThread:252172 [backend.py:_multiprocessing_setup():102] multiprocessing start_methods=fork,spawn,forkserver, using: fork
2025-07-11 15:42:38,587 INFO    MainThread:252172 [wandb_init.py:init():580] backend started and connected
2025-07-11 15:42:38,588 INFO    MainThread:252172 [wandb_init.py:init():658] updated telemetry
2025-07-11 15:42:38,594 INFO    MainThread:252172 [wandb_init.py:init():692] communicating run to backend with 30 second timeout
2025-07-11 15:43:06,826 ERROR   Thread-1  :252172 [retry.py:__call__():154] Retry attempt failed:
Traceback (most recent call last):
  File "/home/sealab/miniconda3/envs/robodiff/lib/python3.9/site-packages/urllib3/connection.py", line 174, in _new_conn
    conn = connection.create_connection(
  File "/home/sealab/miniconda3/envs/robodiff/lib/python3.9/site-packages/urllib3/util/connection.py", line 95, in create_connection
    raise err
  File "/home/sealab/miniconda3/envs/robodiff/lib/python3.9/site-packages/urllib3/util/connection.py", line 85, in create_connection
    sock.connect(sa)
socket.timeout: timed out

During handling of the above exception, another exception occurred:

Traceback (most recent call last):
  File "/home/sealab/miniconda3/envs/robodiff/lib/python3.9/site-packages/urllib3/connectionpool.py", line 715, in urlopen
    httplib_response = self._make_request(
  File "/home/sealab/miniconda3/envs/robodiff/lib/python3.9/site-packages/urllib3/connectionpool.py", line 404, in _make_request
    self._validate_conn(conn)
  File "/home/sealab/miniconda3/envs/robodiff/lib/python3.9/site-packages/urllib3/connectionpool.py", line 1060, in _validate_conn
    conn.connect()
  File "/home/sealab/miniconda3/envs/robodiff/lib/python3.9/site-packages/urllib3/connection.py", line 363, in connect
    self.sock = conn = self._new_conn()
  File "/home/sealab/miniconda3/envs/robodiff/lib/python3.9/site-packages/urllib3/connection.py", line 179, in _new_conn
    raise ConnectTimeoutError(
urllib3.exceptions.ConnectTimeoutError: (<urllib3.connection.HTTPSConnection object at 0x74d4117645e0>, 'Connection to api.wandb.ai timed out. (connect timeout=10)')

During handling of the above exception, another exception occurred:

Traceback (most recent call last):
  File "/home/sealab/miniconda3/envs/robodiff/lib/python3.9/site-packages/requests/adapters.py", line 667, in send
    resp = conn.urlopen(
  File "/home/sealab/miniconda3/envs/robodiff/lib/python3.9/site-packages/urllib3/connectionpool.py", line 801, in urlopen
    retries = retries.increment(
  File "/home/sealab/miniconda3/envs/robodiff/lib/python3.9/site-packages/urllib3/util/retry.py", line 594, in increment
    raise MaxRetryError(_pool, url, error or ResponseError(cause))
urllib3.exceptions.MaxRetryError: HTTPSConnectionPool(host='api.wandb.ai', port=443): Max retries exceeded with url: /graphql (Caused by ConnectTimeoutError(<urllib3.connection.HTTPSConnection object at 0x74d4117645e0>, 'Connection to api.wandb.ai timed out. (connect timeout=10)'))

During handling of the above exception, another exception occurred:

Traceback (most recent call last):
  File "/home/sealab/miniconda3/envs/robodiff/lib/python3.9/site-packages/wandb/sdk/lib/retry.py", line 113, in __call__
    result = self._call_fn(*args, **kwargs)
  File "/home/sealab/miniconda3/envs/robodiff/lib/python3.9/site-packages/wandb/sdk/internal/internal_api.py", line 199, in execute
    return self.client.execute(*args, **kwargs)  # type: ignore
  File "/home/sealab/miniconda3/envs/robodiff/lib/python3.9/site-packages/wandb/vendor/gql-0.2.0/wandb_gql/client.py", line 52, in execute
    result = self._get_result(document, *args, **kwargs)
  File "/home/sealab/miniconda3/envs/robodiff/lib/python3.9/site-packages/wandb/vendor/gql-0.2.0/wandb_gql/client.py", line 60, in _get_result
    return self.transport.execute(document, *args, **kwargs)
  File "/home/sealab/miniconda3/envs/robodiff/lib/python3.9/site-packages/wandb/vendor/gql-0.2.0/wandb_gql/transport/requests.py", line 38, in execute
    request = requests.post(self.url, **post_args)
  File "/home/sealab/miniconda3/envs/robodiff/lib/python3.9/site-packages/requests/api.py", line 115, in post
    return request("post", url, data=data, json=json, **kwargs)
  File "/home/sealab/miniconda3/envs/robodiff/lib/python3.9/site-packages/requests/api.py", line 59, in request
    return session.request(method=method, url=url, **kwargs)
  File "/home/sealab/miniconda3/envs/robodiff/lib/python3.9/site-packages/requests/sessions.py", line 589, in request
    resp = self.send(prep, **send_kwargs)
  File "/home/sealab/miniconda3/envs/robodiff/lib/python3.9/site-packages/requests/sessions.py", line 703, in send
    r = adapter.send(request, **kwargs)
  File "/home/sealab/miniconda3/envs/robodiff/lib/python3.9/site-packages/requests/adapters.py", line 688, in send
    raise ConnectTimeout(e, request=request)
requests.exceptions.ConnectTimeout: HTTPSConnectionPool(host='api.wandb.ai', port=443): Max retries exceeded with url: /graphql (Caused by ConnectTimeoutError(<urllib3.connection.HTTPSConnection object at 0x74d4117645e0>, 'Connection to api.wandb.ai timed out. (connect timeout=10)'))
2025-07-11 15:43:08,601 ERROR   MainThread:252172 [wandb_init.py:init():703] backend process timed out
2025-07-11 15:43:08,601 ERROR   MainThread:252172 [wandb_init.py:init():712] encountered error: Error communicating with wandb process
